<?xml version="1.0" encoding="UTF-8"?>
<!-- Generated by org.testng.reporters.JUnitReportReporter -->
<testsuite hostname="NTB650" failures="0" tests="1" name="Tests.CreateAccountTest" time="9.246" errors="0" timestamp="2021-12-21T12:52:32 CET" skipped="0">
  <testcase classname="Tests.CreateAccountTest" name="createAccount" time="9.246"/>
  <system-out/>
</testsuite> <!-- Tests.CreateAccountTest -->
